Arguments: 
  C:\Program Files\nodejs\node.exe C:\Users\Hatim\AppData\Roaming\npm\node_modules\yarn\bin\yarn.js add popperjs

PATH: 
  C:\wamp\www\cmder\vendor\conemu-maximus5\ConEmu\Scripts;C:\wamp\www\cmder\bin;C:\wamp\www\cmder\vendor\bin;C:\wamp\www\cmder\vendor\conemu-maximus5\ConEmu\Scripts;C:\wamp\www\cmder\vendor\conemu-maximus5;C:\wamp\www\cmder\vendor\conemu-maximus5\ConEmu;C:\Program Files (x86)\Common Files\Oracle\Java\javapath;C:\Windows\system32;C:\Windows;C:\Windows\System32\Wbem;C:\Windows\System32\WindowsPowerShell\v1.0\;C:\Windows\System32\OpenSSH\;c:\Program Files (x86)\Intel\Intel(R) Management Engine Components\DAL;c:\Program Files\Intel\Intel(R) Management Engine Components\DAL;C:\Program Files\Git\cmd;C:\wamp\bin\php\php7.3.5;C:\ProgramData\ComposerSetup\bin;C:\Program Files\nodejs\;C:\Program Files\NVIDIA Corporation\NVIDIA NvDLISR;C:\Program Files (x86)\NVIDIA Corporation\PhysX\Common;C:\Program Files\JetBrains\PhpStorm 2020.2.3\bin\phpstorm64.exe;C:\Ruby27-x64\bin;C:\Users\Hatim\AppData\Local\Microsoft\WindowsApps;C:\Program Files\JetBrains\PhpStorm 2020.2.3\bin;C:\Users\Hatim\AppData\Local\Programs\Microsoft VS Code\bin;C:\Users\Hatim\AppData\Roaming\Composer\vendor\bin;C:\Users\Hatim\AppData\Roaming\npm;C:\Program Files (x86)\GitHub CLI\;C:\Program Files\Git\cmd;C:\Program Files\Git\mingw64\bin;C:\Program Files\Git\usr\bin;C:\wamp\www\cmder

Yarn version: 
  1.22.10

Node version: 
  14.15.0

Platform: 
  win32 x64

Trace: 
  Error: https://registry.yarnpkg.com/popperjs: Not found
      at Request.params.callback [as _callback] (C:\Users\Hatim\AppData\Roaming\npm\node_modules\yarn\lib\cli.js:66988:18)
      at Request.self.callback (C:\Users\Hatim\AppData\Roaming\npm\node_modules\yarn\lib\cli.js:140662:22)
      at Request.emit (events.js:315:20)
      at Request.<anonymous> (C:\Users\Hatim\AppData\Roaming\npm\node_modules\yarn\lib\cli.js:141634:10)
      at Request.emit (events.js:315:20)
      at IncomingMessage.<anonymous> (C:\Users\Hatim\AppData\Roaming\npm\node_modules\yarn\lib\cli.js:141556:12)
      at Object.onceWrapper (events.js:421:28)
      at IncomingMessage.emit (events.js:327:22)
      at endReadableNT (_stream_readable.js:1327:12)
      at processTicksAndRejections (internal/process/task_queues.js:80:21)

npm manifest: 
  {
    "name": "structure_projet_php",
    "version": "1.0.0",
    "main": "index.js",
    "repository": "https://github.com/HatimLagzar/structure_projet_php.git",
    "author": "Hatim Lagzar <lhatimdev@gmail.com>",
    "license": "MIT",
    "dependencies": {
      "bootstrap": "^4.5.3",
      "jquery": "^3.5.1"
    }
  }

yarn manifest: 
  No manifest

Lockfile: 
  # THIS IS AN AUTOGENERATED FILE. DO NOT EDIT THIS FILE DIRECTLY.
  # yarn lockfile v1
  
  
  bootstrap@^4.5.3:
    version "4.5.3"
    resolved "https://registry.yarnpkg.com/bootstrap/-/bootstrap-4.5.3.tgz#c6a72b355aaf323920be800246a6e4ef30997fe6"
    integrity sha512-o9ppKQioXGqhw8Z7mah6KdTYpNQY//tipnkxppWhPbiSWdD+1raYsnhwEZjkTHYbGee4cVQ0Rx65EhOY/HNLcQ==
  
  jquery@^3.5.1:
    version "3.5.1"
    resolved "https://registry.yarnpkg.com/jquery/-/jquery-3.5.1.tgz#d7b4d08e1bfdb86ad2f1a3d039ea17304717abb5"
    integrity sha512-XwIBPqcMn57FxfT+Go5pzySnm4KWkT1Tv7gjrpT1srtf8Weynl6R273VJ5GjkRb51IzMp5nbaPjJXMWeju2MKg==
